-Xajruntimetarget:1.5
-1.8
-encoding
UTF-8
-showWeaveInfo
-source
1.8
-target
1.8
-verbose
-classpath
C:\Users\鲁颖\.m2\repository\com\ftx\sdk\root\sdk-common\1.0-SNAPSHOT\sdk-common-1.0-SNAPSHOT.jar;C:\Users\鲁颖\.m2\repository\com\ftx\sdk\root\sdk-interface\1.0-SNAPSHOT\sdk-interface-1.0-SNAPSHOT.jar;C:\Users\鲁颖\.m2\repository\org\springframework\spring-beans\5.1.2.RELEASE\spring-beans-5.1.2.RELEASE.jar;C:\Users\鲁颖\.m2\repository\org\springframework\spring-context-support\5.1.2.RELEASE\spring-context-support-5.1.2.RELEASE.jar;C:\Users\鲁颖\.m2\repository\org\slf4j\slf4j-api\1.7.25\slf4j-api-1.7.25.jar;C:\Users\鲁颖\.m2\repository\javax\mail\mail\1.4.7\mail-1.4.7.jar;C:\Users\鲁颖\.m2\repository\com\alibaba\druid\1.1.10\druid-1.1.10.jar;C:\Users\鲁颖\.m2\repository\mysql\mysql-connector-java\6.0.6\mysql-connector-java-6.0.6.jar;C:\Users\鲁颖\.m2\repository\org\apache\dubbo\dubbo\2.7.0\dubbo-2.7.0.jar;C:\Users\鲁颖\.m2\repository\org\apache\httpcomponents\httpclient\4.5.6\httpclient-4.5.6.jar;C:\Users\鲁颖\.m2\repository\com\squareup\okio\okio\1.14.0\okio-1.14.0.jar;C:\Users\鲁颖\.m2\repository\org\projectlombok\lombok\1.18.6\lombok-1.18.6.jar;C:\Users\鲁颖\.m2\repository\org\springframework\spring-core\5.1.2.RELEASE\spring-core-5.1.2.RELEASE.jar;C:\Users\鲁颖\.m2\repository\org\springframework\spring-jdbc\5.1.2.RELEASE\spring-jdbc-5.1.2.RELEASE.jar;C:\Users\鲁颖\.m2\repository\org\springframework\spring-context\5.1.2.RELEASE\spring-context-5.1.2.RELEASE.jar;C:\Users\鲁颖\.m2\repository\org\aspectj\aspectjrt\1.9.2\aspectjrt-1.9.2.jar;C:\Users\鲁颖\.m2\repository\org\aspectj\aspectjweaver\1.9.2\aspectjweaver-1.9.2.jar;C:\Users\鲁颖\.m2\repository\org\aspectj\aspectjtools\1.9.2\aspectjtools-1.9.2.jar;C:\Users\鲁颖\.m2\repository\com\101tec\zkclient\0.10\zkclient-0.10.jar;C:\Users\鲁颖\.m2\repository\org\apache\curator\curator-recipes\4.0.1\curator-recipes-4.0.1.jar;C:\Users\鲁颖\.m2\repository\org\apache\commons\commons-pool2\2.6.0\commons-pool2-2.6.0.jar;C:\Users\鲁颖\.m2\repository\io\netty\netty-all\4.1.0.Final\netty-all-4.1.0.Final.jar;C:\Users\鲁颖\.m2\repository\javax\servlet\javax.servlet-api\3.0.1\javax.servlet-api-3.0.1.jar;C:\Users\鲁颖\.m2\repository\com\fasterxml\jackson\core\jackson-databind\2.5.3\jackson-databind-2.5.3.jar;C:\Users\鲁颖\.m2\repository\com\google\guava\guava\17.0\guava-17.0.jar;C:\Users\鲁颖\.m2\repository\dom4j\dom4j\1.1\dom4j-1.1.jar;C:\Users\鲁颖\.m2\repository\org\springframework\spring-test\4.0.6.RELEASE\spring-test-4.0.6.RELEASE.jar;C:\Users\鲁颖\.m2\repository\org\springframework\spring-tx\4.0.6.RELEASE\spring-tx-4.0.6.RELEASE.jar;C:\Users\鲁颖\.m2\repository\org\springframework\spring-aspects\3.2.8.RELEASE\spring-aspects-3.2.8.RELEASE.jar;C:\Users\鲁颖\.m2\repository\org\hibernate\hibernate-core\4.3.6.Final\hibernate-core-4.3.6.Final.jar;C:\Users\鲁颖\.m2\repository\org\springframework\spring-orm\4.0.6.RELEASE\spring-orm-4.0.6.RELEASE.jar;C:\Users\鲁颖\.m2\repository\c3p0\c3p0\0.9.1.2\c3p0-0.9.1.2.jar;C:\Users\鲁颖\.m2\repository\org\hibernate\hibernate-validator\4.3.0.Final\hibernate-validator-4.3.0.Final.jar;C:\Users\鲁颖\.m2\repository\commons-lang\commons-lang\2.6\commons-lang-2.6.jar;C:\Users\鲁颖\.m2\repository\commons-fileupload\commons-fileupload\1.3.1\commons-fileupload-1.3.1.jar;C:\Users\鲁颖\.m2\repository\com\alibaba\fastjson\1.2.7\fastjson-1.2.7.jar;C:\Users\鲁颖\.m2\repository\org\apache\activemq\activemq-core\5.7.0\activemq-core-5.7.0.jar;C:\Users\鲁颖\.m2\repository\org\apache\httpcomponents\httpcore\4.4.11\httpcore-4.4.11.jar;C:\Users\鲁颖\.m2\repository\javax\servlet\servlet-api\2.5\servlet-api-2.5.jar;C:\Users\鲁颖\.m2\repository\com\aliyun\aliyun-java-sdk-core\4.1.0\aliyun-java-sdk-core-4.1.0.jar;C:\Users\鲁颖\.m2\repository\javax\xml\bind\jaxb-api\2.3.1\jaxb-api-2.3.1.jar;C:\Users\鲁颖\.m2\repository\javax\activation\javax.activation-api\1.2.0\javax.activation-api-1.2.0.jar;C:\Users\鲁颖\.m2\repository\com\sun\xml\bind\jaxb-core\2.1.14\jaxb-core-2.1.14.jar;C:\Users\鲁颖\.m2\repository\com\sun\xml\bind\jaxb-impl\2.1\jaxb-impl-2.1.jar;C:\Users\鲁颖\.m2\repository\javax\validation\validation-api\2.0.1.Final\validation-api-2.0.1.Final.jar;C:\Users\鲁颖\.m2\repository\javax\activation\activation\1.1\activation-1.1.jar;C:\Users\鲁颖\.m2\repository\org\javassist\javassist\3.20.0-GA\javassist-3.20.0-GA.jar;C:\Users\鲁颖\.m2\repository\com\google\code\gson\gson\2.8.5\gson-2.8.5.jar;C:\Users\鲁颖\.m2\repository\commons-codec\commons-codec\1.11\commons-codec-1.11.jar;C:\Users\鲁颖\.m2\repository\org\springframework\spring-jcl\5.1.2.RELEASE\spring-jcl-5.1.2.RELEASE.jar;C:\Users\鲁颖\.m2\repository\org\springframework\spring-aop\5.1.2.RELEASE\spring-aop-5.1.2.RELEASE.jar;C:\Users\鲁颖\.m2\repository\org\springframework\spring-expression\5.1.2.RELEASE\spring-expression-5.1.2.RELEASE.jar;C:\Users\鲁颖\.m2\repository\org\apache\zookeeper\zookeeper\3.4.8\zookeeper-3.4.8.jar;C:\Users\鲁颖\.m2\repository\org\slf4j\slf4j-log4j12\1.7.25\slf4j-log4j12-1.7.25.jar;C:\Users\鲁颖\.m2\repository\log4j\log4j\1.2.16\log4j-1.2.16.jar;C:\Users\鲁颖\.m2\repository\jline\jline\0.9.94\jline-0.9.94.jar;C:\Users\鲁颖\.m2\repository\io\netty\netty\3.7.0.Final\netty-3.7.0.Final.jar;C:\Users\鲁颖\.m2\repository\org\apache\curator\curator-framework\4.0.1\curator-framework-4.0.1.jar;C:\Users\鲁颖\.m2\repository\org\apache\curator\curator-client\4.0.1\curator-client-4.0.1.jar;C:\Users\鲁颖\.m2\repository\com\fasterxml\jackson\core\jackson-annotations\2.9.0\jackson-annotations-2.9.0.jar;C:\Users\鲁颖\.m2\repository\com\fasterxml\jackson\core\jackson-core\2.9.7\jackson-core-2.9.7.jar;C:\Users\鲁颖\.m2\repository\org\jboss\logging\jboss-logging\3.3.2.Final\jboss-logging-3.3.2.Final.jar;C:\Users\鲁颖\.m2\repository\org\jboss\logging\jboss-logging-annotations\1.2.0.Beta1\jboss-logging-annotations-1.2.0.Beta1.jar;C:\Users\鲁颖\.m2\repository\org\jboss\spec\javax\transaction\jboss-transaction-api_1.2_spec\1.0.0.Final\jboss-transaction-api_1.2_spec-1.0.0.Final.jar;C:\Users\鲁颖\.m2\repository\org\hibernate\common\hibernate-commons-annotations\4.0.5.Final\hibernate-commons-annotations-4.0.5.Final.jar;C:\Users\鲁颖\.m2\repository\org\hibernate\javax\persistence\hibernate-jpa-2.1-api\1.0.0.Final\hibernate-jpa-2.1-api-1.0.0.Final.jar;C:\Users\鲁颖\.m2\repository\antlr\antlr\2.7.7\antlr-2.7.7.jar;C:\Users\鲁颖\.m2\repository\org\jboss\jandex\1.1.0.Final\jandex-1.1.0.Final.jar;C:\Users\鲁颖\.m2\repository\commons-io\commons-io\2.2\commons-io-2.2.jar;C:\Users\鲁颖\.m2\repository\org\apache\geronimo\specs\geronimo-jms_1.1_spec\1.1.1\geronimo-jms_1.1_spec-1.1.1.jar;C:\Users\鲁颖\.m2\repository\org\apache\activemq\kahadb\5.7.0\kahadb-5.7.0.jar;C:\Users\鲁颖\.m2\repository\org\apache\activemq\protobuf\activemq-protobuf\1.1\activemq-protobuf-1.1.jar;C:\Users\鲁颖\.m2\repository\org\fusesource\mqtt-client\mqtt-client\1.3\mqtt-client-1.3.jar;C:\Users\鲁颖\.m2\repository\org\fusesource\hawtdispatch\hawtdispatch-transport\1.11\hawtdispatch-transport-1.11.jar;C:\Users\鲁颖\.m2\repository\org\fusesource\hawtdispatch\hawtdispatch\1.11\hawtdispatch-1.11.jar;C:\Users\鲁颖\.m2\repository\org\fusesource\hawtbuf\hawtbuf\1.9\hawtbuf-1.9.jar;C:\Users\鲁颖\.m2\repository\org\apache\geronimo\specs\geronimo-j2ee-management_1.1_spec\1.0.1\geronimo-j2ee-management_1.1_spec-1.0.1.jar;C:\Users\鲁颖\.m2\repository\commons-net\commons-net\3.1\commons-net-3.1.jar;C:\Users\鲁颖\.m2\repository\org\jasypt\jasypt\1.9.0\jasypt-1.9.0.jar;E:\project\gufeng-root\sdk-service\target\classes
-d
E:\project\gufeng-root\sdk-service\target\classes
E:\project\gufeng-root\sdk-service\src\main\java\com\ftx\sdk\common\constant\ServerConstants.java
E:\project\gufeng-root\sdk-service\src\main\java\com\ftx\sdk\common\SystemInitialization.java
E:\project\gufeng-root\sdk-service\src\main\java\com\ftx\sdk\dao\channel\AbstractDao.java
E:\project\gufeng-root\sdk-service\src\main\java\com\ftx\sdk\dao\channel\impl\PlfOrderDaoImpl.java
E:\project\gufeng-root\sdk-service\src\main\java\com\ftx\sdk\dao\channel\impl\PlfUserDaoImpl.java
E:\project\gufeng-root\sdk-service\src\main\java\com\ftx\sdk\dao\channel\impl\SdkAppDaoImpl.java
E:\project\gufeng-root\sdk-service\src\main\java\com\ftx\sdk\dao\channel\impl\SdkChannelDaoImpl.java
E:\project\gufeng-root\sdk-service\src\main\java\com\ftx\sdk\dao\channel\impl\SdkConfigQueueDaoImpl.java
E:\project\gufeng-root\sdk-service\src\main\java\com\ftx\sdk\dao\channel\impl\SdkPackageDaoImpl.java
E:\project\gufeng-root\sdk-service\src\main\java\com\ftx\sdk\dao\channel\impl\XXXUserDaoImpl.java
E:\project\gufeng-root\sdk-service\src\main\java\com\ftx\sdk\dao\channel\PlfOrderDao.java
E:\project\gufeng-root\sdk-service\src\main\java\com\ftx\sdk\dao\channel\PlfUserDao.java
E:\project\gufeng-root\sdk-service\src\main\java\com\ftx\sdk\dao\channel\SdkAppDao.java
E:\project\gufeng-root\sdk-service\src\main\java\com\ftx\sdk\dao\channel\SdkChannelDao.java
E:\project\gufeng-root\sdk-service\src\main\java\com\ftx\sdk\dao\channel\SdkConfigQueueDao.java
E:\project\gufeng-root\sdk-service\src\main\java\com\ftx\sdk\dao\channel\SdkPackageDao.java
E:\project\gufeng-root\sdk-service\src\main\java\com\ftx\sdk\dao\channel\XXXUserDao.java
E:\project\gufeng-root\sdk-service\src\main\java\com\ftx\sdk\properties\PropertyDecipher.java
E:\project\gufeng-root\sdk-service\src\main\java\com\ftx\sdk\service\channel\CallbackServiceImpl.java
E:\project\gufeng-root\sdk-service\src\main\java\com\ftx\sdk\service\channel\OrderServiceImpl.java
E:\project\gufeng-root\sdk-service\src\main\java\com\ftx\sdk\service\channel\SDKServiceImpl.java
E:\project\gufeng-root\sdk-service\src\main\java\com\ftx\sdk\service\channel\UserServiceImpl.java
E:\project\gufeng-root\sdk-service\src\main\java\com\ftx\sdk\service\channel\XXXuserServiceImplXXX.java
E:\project\gufeng-root\sdk-service\src\main\java\com\ftx\sdk\service\config\BeanInject.java
E:\project\gufeng-root\sdk-service\src\main\java\com\ftx\sdk\StartMain.java
